

Started GET "/" for 127.0.0.1 at 2014-02-18 19:36:55 -0800
Processing by Rails::WelcomeController#index as HTML
  Rendered /Users/dan/.rvm/gems/ruby-2.0.0-p247/gems/railties-4.0.0/lib/rails/templates/rails/welcome/index.html.erb (1.7ms)
Completed 200 OK in 27ms (Views: 8.7ms | ActiveRecord: 0.0ms)
  [1m[36m (3.2ms)[0m  [1mCREATE TABLE "schema_migrations" ("version" varchar(255) NOT NULL) [0m
  [1m[35m (1.0ms)[0m  CREATE UNIQUE INDEX "unique_schema_migrations" ON "schema_migrations" ("version")
  [1m[36mActiveRecord::SchemaMigration Load (0.1ms)[0m  [1mSELECT "schema_migrations".* FROM "schema_migrations"[0m


Started GET "/" for 127.0.0.1 at 2014-02-18 20:10:41 -0800
Processing by PagesController#index as HTML
  Rendered text template (0.0ms)
Completed 200 OK in 22ms (Views: 5.4ms | ActiveRecord: 0.0ms)
  [1m[36mActiveRecord::SchemaMigration Load (0.1ms)[0m  [1mSELECT "schema_migrations".* FROM "schema_migrations"[0m


Started GET "/" for 127.0.0.1 at 2014-02-18 21:00:50 -0800
Processing by PagesController#index as HTML
  Rendered text template (0.1ms)
Completed 200 OK in 65ms (Views: 43.9ms | ActiveRecord: 0.0ms)


Started GET "/lookup" for 127.0.0.1 at 2014-02-18 21:00:54 -0800
Processing by PagesController#lookup as HTML
  Rendered text template (0.0ms)
Completed 200 OK in 1ms (Views: 0.5ms | ActiveRecord: 0.0ms)


Started GET "/lookup" for 127.0.0.1 at 2014-02-18 21:07:09 -0800
Processing by PagesController#lookup as HTML
  Rendered text template (0.0ms)
Completed 200 OK in 2ms (Views: 0.9ms | ActiveRecord: 0.0ms)


Started GET "/lookup" for 127.0.0.1 at 2014-02-18 21:07:27 -0800
Processing by PagesController#lookup as HTML
#<LolClient:0x007fc7bc4fb920>
  Rendered text template (0.0ms)
Completed 200 OK in 1ms (Views: 0.5ms | ActiveRecord: 0.0ms)


Started GET "/lookup" for 127.0.0.1 at 2014-02-18 21:07:54 -0800
Processing by PagesController#lookup as HTML
#<LolClient:0x007fc7bc5e2050>
  Rendered text template (0.0ms)
Completed 200 OK in 1ms (Views: 0.6ms | ActiveRecord: 0.0ms)
